<?xml version="1.0" encoding="UTF-8"?>
<testng-results ignored="0" total="2" passed="2" failed="0" skipped="0">
  <reporter-output>
  </reporter-output>
  <suite started-at="2024-03-31T23:42:48 EET" name="Default suite" finished-at="2024-03-31T23:43:26 EET" duration-ms="37574">
    <groups>
    </groups>
    <test started-at="2024-03-31T23:42:48 EET" name="Default test" finished-at="2024-03-31T23:43:26 EET" duration-ms="37574">
      <class name="MyTestCases.MyTestCasess">
        <test-method is-config="true" signature="MySetup()[pri:0, instance:MyTestCases.MyTestCasess@6cf0e0ba]" started-at="2024-03-31T23:42:48 EET" name="MySetup" finished-at="2024-03-31T23:42:48 EET" duration-ms="22" status="PASS">
          <reporter-output>
          </reporter-output>
        </test-method> <!-- MySetup -->
        <test-method signature="multiplyTwoNumber()[pri:1, instance:MyTestCases.MyTestCasess@6cf0e0ba]" started-at="2024-03-31T23:42:48 EET" name="multiplyTwoNumber" finished-at="2024-03-31T23:43:09 EET" duration-ms="20467" status="PASS">
          <reporter-output>
          </reporter-output>
        </test-method> <!-- multiplyTwoNumber -->
        <test-method signature="PressEvenNumbers()[pri:2, instance:MyTestCases.MyTestCasess@6cf0e0ba]" started-at="2024-03-31T23:43:09 EET" name="PressEvenNumbers" finished-at="2024-03-31T23:43:26 EET" duration-ms="17021" status="PASS">
          <reporter-output>
          </reporter-output>
        </test-method> <!-- PressEvenNumbers -->
      </class> <!-- MyTestCases.MyTestCasess -->
    </test> <!-- Default test -->
  </suite> <!-- Default suite -->
</testng-results>
