<?xml version="1.0" encoding="UTF-8"?>
<testng-results ignored="0" total="2" passed="2" failed="0" skipped="0">
  <reporter-output>
  </reporter-output>
  <suite started-at="2024-03-28T21:12:03 EET" name="Default suite" finished-at="2024-03-28T21:12:28 EET" duration-ms="25003">
    <groups>
    </groups>
    <test started-at="2024-03-28T21:12:03 EET" name="Default test" finished-at="2024-03-28T21:12:28 EET" duration-ms="25003">
      <class name="MyTestCases.MyTestCasess">
        <test-method is-config="true" signature="MySetup()[pri:0, instance:MyTestCases.MyTestCasess@55183b20]" started-at="2024-03-28T21:12:03 EET" name="MySetup" finished-at="2024-03-28T21:12:03 EET" duration-ms="21" status="PASS">
          <reporter-output>
          </reporter-output>
        </test-method> <!-- MySetup -->
        <test-method signature="MyTest()[pri:0, instance:MyTestCases.MyTestCasess@55183b20]" started-at="2024-03-28T21:12:03 EET" name="MyTest" finished-at="2024-03-28T21:12:24 EET" duration-ms="20494" status="PASS">
          <reporter-output>
          </reporter-output>
        </test-method> <!-- MyTest -->
        <test-method signature="PressEvenNumbers()[pri:0, instance:MyTestCases.MyTestCasess@55183b20]" started-at="2024-03-28T21:12:24 EET" name="PressEvenNumbers" finished-at="2024-03-28T21:12:28 EET" duration-ms="4436" status="PASS">
          <reporter-output>
          </reporter-output>
        </test-method> <!-- PressEvenNumbers -->
      </class> <!-- MyTestCases.MyTestCasess -->
    </test> <!-- Default test -->
  </suite> <!-- Default suite -->
</testng-results>
